Test: one client (4A) ...
  ... Passed --  15.0  5 23742 3775
Test: ops complete fast enough (4A) ...
Operations completed is 1.072542ms/op 
  ... Passed --   1.5  3  8806    0
Test: many clients (4A) ...
  ... Passed --  15.2  5 28603 3918
Test: unreliable net, many clients (4A) ...
  ... Passed --  16.0  5 10848 1737
Test: concurrent append to same key, unreliable (4A) ...
  ... Passed --   0.7  3   205   52
Test: progress in majority (4A) ...
  ... Passed --   0.4  5    52    2
Test: no progress in minority (4A) ...
  ... Passed --   1.0  5    98    3
Test: completion after heal (4A) ...
  ... Passed --   1.1  5    56    2
Test: partitions, one client (4A) ...
  ... Passed --  22.3  5 20811 2837
Test: partitions, many clients (4A) ...
  ... Passed --  24.1  5 30846 3546
Test: restarts, one client (4A) ...
  ... Passed --  19.9  5 34072 3231
Test: restarts, many clients (4A) ...
  ... Passed --  19.6  5 50034 3429
Test: unreliable net, restarts, many clients (4A) ...
  ... Passed --  21.1  5 11191 1614
Test: restarts, partitions, many clients (4A) ...
  ... Passed --  27.4  5 62359 3630
Test: unreliable net, restarts, partitions, many clients (4A) ...
  ... Passed --  27.5  5  7049  899
Test: unreliable net, restarts, partitions, random keys, many clients (4A) ...
  ... Passed --  29.8  7 25519 2270
Test: InstallSnapshot RPC (4B) ...
  ... Passed --   3.5  3  3312   63
Test: snapshot size is reasonable (4B) ...
  ... Passed --   0.8  3  6209  800
Test: ops complete fast enough (4B) ...
Operations completed is 711.225µs/op 
  ... Passed --   1.1  3  6717    0
Test: restarts, snapshots, one client (4B) ...
  ... Passed --  20.0  5 119928 20942
Test: restarts, snapshots, many clients (4B) ...
  ... Passed --  19.1  5 134597 20293
Test: unreliable net, snapshots, many clients (4B) ...
  ... Passed --  15.9  5 10418 1633
Test: unreliable net, restarts, snapshots, many clients (4B) ...
  ... Passed --  20.5  5 11146 1586
Test: unreliable net, restarts, partitions, snapshots, many clients (4B) ...
--- FAIL: TestSnapshotUnreliableRecoverConcurrentPartition4B (8.76s)
    test_test.go:296: get wrong value, key 0, wanted:
        x 0 0 yx 0 1 yx 0 2 yx 0 3 yx 0 4 yx 0 5 yx 0 6 yx 0 7 yx 0 8 yx 0 9 yx 0 10 yx 0 11 yx 0 12 yx 0 13 yx 0 14 yx 0 15 yx 0 16 y
        , got
        x 0 0 yx 0 1 yx 0 2 yx 0 3 yx 0 4 yx 0 5 yx 0 6 yx 0 7 yx 0 8 yx 0 9 yx 0 10 yx 0 11 yx 0 12 yx 0 13 yx 0 14 yx 0 15 y
    test_test.go:129: failure
    test_test.go:147: 0 missing element x 0 16 y in Append result x 0 0 yx 0 1 yx 0 2 yx 0 3 yx 0 4 yx 0 5 yx 0 6 yx 0 7 yx 0 8 yx 0 9 yx 0 10 yx 0 11 yx 0 12 yx 0 13 yx 0 14 yx 0 15 y
Test: unreliable net, restarts, partitions, snapshots, random keys, many clients (4B) ...
  ... Passed --  28.9  7 19006 1421
FAIL
exit status 1
FAIL	6.5840/kvraft	361.617s
